


ARM Macro Assembler    Page 1 


    1 00000000         ;; TG 04/2012 - Simulation LM3S1968 (Cortex M3 de Texas 
                       Instrument)
    2 00000000         ;; fait clignoter les leds connectées au port GPIOG
    3 00000000         
    4 00000000                 AREA             |.text|, CODE, READONLY
    5 00000000         
    6 00000000         
    7 00000000 400FE108 
                       SYSCTL_PERIPH_GPIOF
                               EQU              0x400FE108  ;SYSCTL_RCGC2_R
    8 00000000         
    9 00000000         
   10 00000000         
   11 00000000 40025000 
                       GPIO_PORTF_BASE
                               EQU              0x40025000
   12 00000000 00000400 
                       GPIO_O_DIR
                               EQU              0x00000400  ; GPIO Direction
   13 00000000 00000500 
                       GPIO_O_DR2R
                               EQU              0x00000500  ; GPIO 2-mA Drive S
                                                            elect
   14 00000000 0000051C 
                       GPIO_O_DEN
                               EQU              0x0000051C  ; GPIO Digital Enab
                                                            le */
   15 00000000         
   16 00000000 00000030 
                       PORT4_5 EQU              0x30        ;broches 4 et 5 où 
                                                            sont les leds
   17 00000000 00000040 
                       PORT4OFFSET
                               EQU              0x40        ;0x10<<2
   18 00000000 00000080 
                       PORT5OFFSET
                               EQU              0x80        ;0x20<<2
   19 00000000 000445C0 
                       DUREE   EQU              280000
   20 00000000         
   21 00000000                 ENTRY
   22 00000000                 EXPORT           __main
   23 00000000         __main
   24 00000000 4E10            ldr              r6, = SYSCTL_PERIPH_GPIOF ;;Ena
                                                            ble clock sur GPIOF
                                                             où sont branchés l
                                                            es leds
   25 00000002 F04F 0020       mov              r0, #0x00000020
   26 00000006 6030            str              r0, [r6]
   27 00000008         
   28 00000008 BF00            nop
   29 0000000A BF00            nop
   30 0000000C BF00            nop
   31 0000000E         
   32 0000000E 4E0E            ldr              r6, = GPIO_PORTF_BASE+GPIO_O_DI
R 
                                                            ;2 Pins portF en so
                                                            rtie
   33 00000010 F04F 0030       ldr              r0, = 0x030



ARM Macro Assembler    Page 2 


   34 00000014 6030            str              r0, [r6]
   35 00000016         
   36 00000016 4E0D            ldr              r6, = GPIO_PORTF_BASE+GPIO_O_DE
N 
                                                            ;;Enable Digital Fu
                                                            nction
   37 00000018 F04F 0030       ldr              r0, = 0x030
   38 0000001C 6030            str              r0, [r6]
   39 0000001E         
   40 0000001E 4E0C            ldr              r6, = GPIO_PORTF_BASE+GPIO_O_DR
2R 
                                                            ;; Choix de l'inten
                                                            sité de sortie (2mA
                                                            )
   41 00000020 F04F 0030       ldr              r0, = 0x030
   42 00000024 6030            str              r0, [r6]
   43 00000026         
   44 00000026 F04F 0200       mov              r2, #0x000  ;Etat 1 du portF br
                                                            oche 4
   45 0000002A F04F 0310       mov              r3, #0x010  ;Etat2 du portG bro
                                                            che 4
   46 0000002E 4E09            ldr              r6, = GPIO_PORTF_BASE+PORT4OFFS
ET 
                                                            ; data Register
   47 00000030         loop
   48 00000030 6032            str              r2, [r6]    ;change etat du por
                                                            t = etat1 dans r2  
                                                                 
   49 00000032 4909            ldr              r1, = DUREE ;pour la duree de l
                                                            a boucle d'attente1
                                                             (wait1)
   50 00000034         wait1
   51 00000034 3901            subs             r1, #1
   52 00000036 D1FD            bne              wait1
   53 00000038         
   54 00000038 6033            str              r3, [r6]    ;change etat du por
                                                            t = etat2 dans r3
   55 0000003A 4907            ldr              r1, = DUREE ;pour la duree de l
                                                            a boucle d'attente2
                                                             (wait2)
   56 0000003C         wait2
   57 0000003C 3901            subs             r1, #1
   58 0000003E D1FD            bne              wait2
   59 00000040         
   60 00000040 E7F6            b                loop
   61 00000042                 END
              00 00 400FE108 
              40025400 
              4002551C 
              40025500 
              40025040 
              000445C0 
Command Line: --debug --xref --cpu=Cortex-M3 --apcs=interwork --depend=.\Flash\
main.d -o.\Flash\main.o -IC:\Keil\ARM\RV31\Inc -IC:\Keil\ARM\CMSIS\Include -IC:
\Keil\ARM\Inc\Luminary --predefine="__EVAL SETA 1" --predefine="__MICROLIB SETA
 1" --list=.\Flash\main.lst main.s



ARM Macro Assembler    Page 1 Alphabetic symbol ordering
Relocatable symbols

.text 00000000

Symbol: .text
   Definitions
      At line 4 in file main.s
   Uses
      None
Comment: .text unused
__main 00000000

Symbol: __main
   Definitions
      At line 23 in file main.s
   Uses
      At line 22 in file main.s
Comment: __main used once
loop 00000030

Symbol: loop
   Definitions
      At line 47 in file main.s
   Uses
      At line 60 in file main.s
Comment: loop used once
wait1 00000034

Symbol: wait1
   Definitions
      At line 50 in file main.s
   Uses
      At line 52 in file main.s
Comment: wait1 used once
wait2 0000003C

Symbol: wait2
   Definitions
      At line 56 in file main.s
   Uses
      At line 58 in file main.s
Comment: wait2 used once
5 symbols



ARM Macro Assembler    Page 1 Alphabetic symbol ordering
Absolute symbols

DUREE 000445C0

Symbol: DUREE
   Definitions
      At line 19 in file main.s
   Uses
      At line 49 in file main.s
      At line 55 in file main.s

GPIO_O_DEN 0000051C

Symbol: GPIO_O_DEN
   Definitions
      At line 14 in file main.s
   Uses
      At line 36 in file main.s
Comment: GPIO_O_DEN used once
GPIO_O_DIR 00000400

Symbol: GPIO_O_DIR
   Definitions
      At line 12 in file main.s
   Uses
      At line 32 in file main.s
Comment: GPIO_O_DIR used once
GPIO_O_DR2R 00000500

Symbol: GPIO_O_DR2R
   Definitions
      At line 13 in file main.s
   Uses
      At line 40 in file main.s
Comment: GPIO_O_DR2R used once
GPIO_PORTF_BASE 40025000

Symbol: GPIO_PORTF_BASE
   Definitions
      At line 11 in file main.s
   Uses
      At line 32 in file main.s
      At line 36 in file main.s
      At line 40 in file main.s
      At line 46 in file main.s

PORT4OFFSET 00000040

Symbol: PORT4OFFSET
   Definitions
      At line 17 in file main.s
   Uses
      At line 46 in file main.s
Comment: PORT4OFFSET used once
PORT4_5 00000030

Symbol: PORT4_5
   Definitions
      At line 16 in file main.s
   Uses
      None



ARM Macro Assembler    Page 2 Alphabetic symbol ordering
Absolute symbols

Comment: PORT4_5 unused
PORT5OFFSET 00000080

Symbol: PORT5OFFSET
   Definitions
      At line 18 in file main.s
   Uses
      None
Comment: PORT5OFFSET unused
SYSCTL_PERIPH_GPIOF 400FE108

Symbol: SYSCTL_PERIPH_GPIOF
   Definitions
      At line 7 in file main.s
   Uses
      At line 24 in file main.s
Comment: SYSCTL_PERIPH_GPIOF used once
9 symbols
348 symbols in table
