


ARM Macro Assembler    Page 1 


    1 00000000         ;; TG 09/2012 - Evalbot (Cortex M3 de Texas Instrument)
    2 00000000         ;; fait clignoter les leds connectées au port GPIO_F
    3 00000000         
    4 00000000                 AREA             |.text|, CODE, READONLY
    5 00000000         
    6 00000000         
    7 00000000 400FE108 
                       SYSCTL_PERIPH
                               EQU              0x400FE108  ;SYSCTL_RCGC2_R : p
                                                            our enable clock (p
                                                            291 datasheet de lm
                                                            3s9b92.pdf)
    8 00000000 40025000 
                       GPIO_PORTF_BASE
                               EQU              0x40025000  ; voir chap.8 "GPIO
                                                            ": page 416 de lm3s
                                                            9B92.pdf
    9 00000000 00000400 
                       GPIO_O_DIR
                               EQU              0x00000400  ; GPIO Direction  (
                                                            p417 de lm3s9B92.pd
                                                            f)
   10 00000000 00000500 
                       GPIO_O_DR2R
                               EQU              0x00000500  ; GPIO 2-mA Drive S
                                                            elect (p428 de lm3s
                                                            9B92.pdf)
   11 00000000 0000051C 
                       GPIO_O_DEN
                               EQU              0x0000051C  ; GPIO Digital Enab
                                                            le (p437 de lm3s9B9
                                                            2.pdf)
   12 00000000         ; Pour être "propre" il faudrait aussi s'assurer que les
                       
   13 00000000         ;autres registres de configuration sont a 0 (ce qui est 
                       le
   14 00000000         ;cas a l'init.
   15 00000000         
   16 00000000         
   17 00000000 00000010 
                       PORT4   EQU              0x10        ;led sur port 4
   18 00000000 00000020 
                       PORT5   EQU              0x20        ;led sur port 5
   19 00000000         
   20 00000000         
   21 00000000 002FFFFF 
                       DUREE   EQU              0x002FFFFF
   22 00000000         
   23 00000000                 ENTRY
   24 00000000                 EXPORT           __main
   25 00000000         __main
   26 00000000 4E10            ldr              r6, = SYSCTL_PERIPH
   27 00000002 F04F 0020       mov              r0, #0x00000020 ;;Enable clock 
                                                            sur GPIOF où sont b
                                                            ranchés les leds
   28 00000006 6030            str              r0, [r6]
   29 00000008         
   30 00000008 BF00            nop                          ; tres tres importa
                                                            nt....(beaucoup tem



ARM Macro Assembler    Page 2 


                                                            ps perdu, cf petite
                                                             note p413!)
   31 0000000A BF00            nop                          ; "There must be  a
                                                             delay of 3 system 
                                                            clocks before any G
                                                            PIO reg. access
   32 0000000C BF00            nop                          ; pas necessaire en
                                                             simu  ou en debbug
                                                             step by step...@#@
                                                            ! :-(
   33 0000000E         
   34 0000000E 4E0E            ldr              r6, = GPIO_PORTF_BASE+GPIO_O_DI
R 
                                                            ;2 Pins du portF en
                                                             sortie
   35 00000010 F04F 0030       ldr              r0, = PORT4 + PORT5
   36 00000014 6030            str              r0, [r6]
   37 00000016         
   38 00000016 4E0D            ldr              r6, = GPIO_PORTF_BASE+GPIO_O_DE
N 
                                                            ;;Enable Digital Fu
                                                            nction (p316 )
   39 00000018 F04F 0030       ldr              r0, = PORT4 + PORT5
   40 0000001C 6030            str              r0, [r6]
   41 0000001E         
   42 0000001E 4E0C            ldr              r6, = GPIO_PORTF_BASE+GPIO_O_DR
2R 
                                                            ;; Choix de l'inten
                                                            sité de sortie (2mA
                                                            )
   43 00000020 F04F 0030       ldr              r0, = PORT4 + PORT5
   44 00000024 6030            str              r0, [r6]
   45 00000026         
   46 00000026 F04F 0200       mov              r2, #0x000  ;pour eteindre tout
                                                            
   47 0000002A         
   48 0000002A         ;Allume les 2 leds
   49 0000002A F04F 0330       mov              r3, #(PORT4 + PORT5) ;Allume po
                                                            rtF broche 4et 5 : 
                                                            00110000
   50 0000002E 4E09            ldr              r6, = GPIO_PORTF_BASE+ ((PORT4+
PORT5)<<2) 
                                                            ; @data Register = 
                                                            @base + (mask<<2)
   51 00000030         
   52 00000030         ;Pour allumer seulement la led broche 4 sans toucher au 
                       reste (led 5)
   53 00000030         ;mov r3, #PORT4       ;Allume portF broche 4 : 00010000
   54 00000030         ;ldr r6, = GPIO_PORTF_BASE+ (PORT4<<2) ; @data Register 
                       = @base + (mask<<2)
   55 00000030         
   56 00000030         ;on peut aussi allumer la led 4 comme ca => ca eteint la
                        led 5 si allumée
   57 00000030         ;mov r3, #PORT5       ;Allume portF broche 4et 5 : 00110
                       000
   58 00000030         ;ldr r6, = GPIO_PORTF_BASE+ ((PORT4+PORT5)<<2) ; @data R
                       egister = @base + (mask<<2)
   59 00000030         loop
   60 00000030 6032            str              r2, [r6]    ;Eteint tout car r2



ARM Macro Assembler    Page 3 


                                                             = 0x00      
   61 00000032 4909            ldr              r1, = DUREE ;pour la duree de l
                                                            a boucle d'attente1
                                                             (wait1)
   62 00000034         
   63 00000034 3901    wait1   subs             r1, #1
   64 00000036 D1FD            bne              wait1
   65 00000038         
   66 00000038 6033            str              r3, [r6]    ;Allume en fonction
                                                             du contenu de r3
   67 0000003A 4907            ldr              r1, = DUREE ;pour la duree de l
                                                            a boucle d'attente2
                                                             (wait2)
   68 0000003C         
   69 0000003C 3901    wait2   subs             r1, #1
   70 0000003E D1FD            bne              wait2
   71 00000040         
   72 00000040 E7F6            b                loop
   73 00000042                 END
              00 00 400FE108 
              40025400 
              4002551C 
              40025500 
              400250C0 
              002FFFFF 
Command Line: --debug --xref --cpu=Cortex-M3 --apcs=interwork --depend=BlinkyAS
MTG.d -oBlinkyASMTG.o -IC:\Keil\ARM\RV31\Inc -IC:\Keil\ARM\CMSIS\Include -IC:\K
eil\ARM\Inc\Luminary --predefine="__EVAL SETA 1" --predefine="__MICROLIB SETA 1
" --list=BlinkyASMTG.lst BlinkyASMTG.s



ARM Macro Assembler    Page 1 Alphabetic symbol ordering
Relocatable symbols

.text 00000000

Symbol: .text
   Definitions
      At line 4 in file BlinkyASMTG.s
   Uses
      None
Comment: .text unused
__main 00000000

Symbol: __main
   Definitions
      At line 25 in file BlinkyASMTG.s
   Uses
      At line 24 in file BlinkyASMTG.s
Comment: __main used once
loop 00000030

Symbol: loop
   Definitions
      At line 59 in file BlinkyASMTG.s
   Uses
      At line 72 in file BlinkyASMTG.s
Comment: loop used once
wait1 00000034

Symbol: wait1
   Definitions
      At line 63 in file BlinkyASMTG.s
   Uses
      At line 64 in file BlinkyASMTG.s
Comment: wait1 used once
wait2 0000003C

Symbol: wait2
   Definitions
      At line 69 in file BlinkyASMTG.s
   Uses
      At line 70 in file BlinkyASMTG.s
Comment: wait2 used once
5 symbols



ARM Macro Assembler    Page 1 Alphabetic symbol ordering
Absolute symbols

DUREE 002FFFFF

Symbol: DUREE
   Definitions
      At line 21 in file BlinkyASMTG.s
   Uses
      At line 61 in file BlinkyASMTG.s
      At line 67 in file BlinkyASMTG.s

GPIO_O_DEN 0000051C

Symbol: GPIO_O_DEN
   Definitions
      At line 11 in file BlinkyASMTG.s
   Uses
      At line 38 in file BlinkyASMTG.s
Comment: GPIO_O_DEN used once
GPIO_O_DIR 00000400

Symbol: GPIO_O_DIR
   Definitions
      At line 9 in file BlinkyASMTG.s
   Uses
      At line 34 in file BlinkyASMTG.s
Comment: GPIO_O_DIR used once
GPIO_O_DR2R 00000500

Symbol: GPIO_O_DR2R
   Definitions
      At line 10 in file BlinkyASMTG.s
   Uses
      At line 42 in file BlinkyASMTG.s
Comment: GPIO_O_DR2R used once
GPIO_PORTF_BASE 40025000

Symbol: GPIO_PORTF_BASE
   Definitions
      At line 8 in file BlinkyASMTG.s
   Uses
      At line 34 in file BlinkyASMTG.s
      At line 38 in file BlinkyASMTG.s
      At line 42 in file BlinkyASMTG.s
      At line 50 in file BlinkyASMTG.s

PORT4 00000010

Symbol: PORT4
   Definitions
      At line 17 in file BlinkyASMTG.s
   Uses
      At line 35 in file BlinkyASMTG.s
      At line 39 in file BlinkyASMTG.s
      At line 43 in file BlinkyASMTG.s
      At line 49 in file BlinkyASMTG.s
      At line 50 in file BlinkyASMTG.s

PORT5 00000020

Symbol: PORT5



ARM Macro Assembler    Page 2 Alphabetic symbol ordering
Absolute symbols

   Definitions
      At line 18 in file BlinkyASMTG.s
   Uses
      At line 35 in file BlinkyASMTG.s
      At line 39 in file BlinkyASMTG.s
      At line 43 in file BlinkyASMTG.s
      At line 49 in file BlinkyASMTG.s
      At line 50 in file BlinkyASMTG.s

SYSCTL_PERIPH 400FE108

Symbol: SYSCTL_PERIPH
   Definitions
      At line 7 in file BlinkyASMTG.s
   Uses
      At line 26 in file BlinkyASMTG.s
Comment: SYSCTL_PERIPH used once
8 symbols
347 symbols in table
