


ARM Macro Assembler    Page 1 


    1 00000000         ;; TG 09/2012 - Evalbot (Cortex M3 de Texas Instrument)
    2 00000000         ;; fait clignoter les leds connectées au port GPIOF
    3 00000000         
    4 00000000                 AREA             |.text|, CODE, READONLY
    5 00000000         
    6 00000000         
    7 00000000         ;;OLD pour commentaire...
    8 00000000 400263FC 
                       GPIO_PORTG_DATA_R
                               EQU              0x400263FC  ;Pour changer tous 
                                                            les bits du port G,
                                                             (voir p291)
    9 00000000         ; =0x40026000+Ox3FC comme Ox3FC =1111111100 les bits 9:2
                       
   10 00000000         ;sont a 1 on peut donc ecrire tous les bits du port a
   11 00000000         ;cette adresse (0x3FC est un masque)
   12 00000000         ;;fin OLD
   13 00000000         
   14 00000000 400FE108 
                       SYSCTL_PERIPH_GPIOF
                               EQU              0x400FE108  ;SYSCTL_RCGC2_R
   15 00000000 40025000 
                       GPIO_PORTF_BASE
                               EQU              0x40025000
   16 00000000 00000400 
                       GPIO_O_DIR
                               EQU              0x00000400  ; GPIO Direction  (
                                                            p299 de lm3s1968.pd
                                                            f)
   17 00000000 00000500 
                       GPIO_O_DR2R
                               EQU              0x00000500  ; GPIO 2-mA Drive S
                                                            elect
   18 00000000 0000051C 
                       GPIO_O_DEN
                               EQU              0x0000051C  ; GPIO Digital Enab
                                                            le (p316 )
   19 00000000         
   20 00000000 00000030 
                       PORT4_5 EQU              0x30        ;broches 4 et 5 où 
                                                            sont les leds
   21 00000000 00000040 
                       PORT4OFFSET
                               EQU              0x40        ;0x10<<2  (voir p29
                                                            1)
   22 00000000 00000080 
                       PORT5OFFSET
                               EQU              0x80        ;0x20<<2
   23 00000000         
   24 00000000 002FFFFF 
                       DUREE   EQU              0x002FFFFF
   25 00000000         
   26 00000000                 ENTRY
   27 00000000                 EXPORT           __main
   28 00000000         __main
   29 00000000 4E10            ldr              r6, = SYSCTL_PERIPH_GPIOF
   30 00000002 F04F 0020       mov              r0, #0x00000020 ;;Enable clock 
                                                            sur GPIOF où sont b
                                                            ranchés les leds



ARM Macro Assembler    Page 2 


   31 00000006 6030            str              r0, [r6]
   32 00000008         
   33 00000008 BF00            nop
   34 0000000A BF00            nop
   35 0000000C BF00            nop
   36 0000000E         
   37 0000000E 4E0E            ldr              r6, = GPIO_PORTF_BASE+GPIO_O_DI
R 
                                                            ;2 Pins portF en so
                                                            rtie
   38 00000010 F04F 0030       ldr              r0, = PORT4_5
   39 00000014 6030            str              r0, [r6]
   40 00000016         
   41 00000016 4E0D            ldr              r6, = GPIO_PORTF_BASE+GPIO_O_DE
N 
                                                            ;;Enable Digital Fu
                                                            nction (p316 )
   42 00000018 F04F 0030       ldr              r0, = PORT4_5
   43 0000001C 6030            str              r0, [r6]
   44 0000001E         
   45 0000001E 4E0C            ldr              r6, = GPIO_PORTF_BASE+GPIO_O_DR
2R 
                                                            ;; Choix de l'inten
                                                            sité de sortie (2mA
                                                            )
   46 00000020 F04F 0030       ldr              r0, = PORT4_5
   47 00000024 6030            str              r0, [r6]
   48 00000026         
   49 00000026 F04F 0200       mov              r2, #0x000  ;Eteint 
   50 0000002A F04F 0310       mov              r3, #0x010  ;Allume portF broch
                                                            e 4
   51 0000002E 4E09            ldr              r6, = GPIO_PORTF_BASE+PORT4OFFS
ET 
                                                            ; data Register
   52 00000030         loop
   53 00000030 6032            str              r2, [r6]    ;change etat du por
                                                            t = etat1 dans r2  
                                                                 
   54 00000032 4909            ldr              r1, = DUREE ;pour la duree de l
                                                            a boucle d'attente1
                                                             (wait1)
   55 00000034         wait1
   56 00000034 3901            subs             r1, #1
   57 00000036 D1FD            bne              wait1
   58 00000038         
   59 00000038 6033            str              r3, [r6]    ;change etat du por
                                                            t = etat2 dans r3
   60 0000003A 4907            ldr              r1, = DUREE ;pour la duree de l
                                                            a boucle d'attente2
                                                             (wait2)
   61 0000003C         wait2
   62 0000003C 3901            subs             r1, #1
   63 0000003E D1FD            bne              wait2
   64 00000040         
   65 00000040 E7F6            b                loop
   66 00000042                 END
              00 00 400FE108 
              40025400 
              4002551C 



ARM Macro Assembler    Page 3 


              40025500 
              40025040 
              002FFFFF 
Command Line: --debug --xref --cpu=Cortex-M3 --apcs=interwork --depend=leds.d -
oleds.o -IC:\Keil\ARM\RV31\Inc -IC:\Keil\ARM\CMSIS\Include -IC:\Keil\ARM\Inc\Lu
minary --predefine="__EVAL SETA 1" --predefine="__MICROLIB SETA 1" --list=leds.
lst leds.s



ARM Macro Assembler    Page 1 Alphabetic symbol ordering
Relocatable symbols

.text 00000000

Symbol: .text
   Definitions
      At line 4 in file leds.s
   Uses
      None
Comment: .text unused
__main 00000000

Symbol: __main
   Definitions
      At line 28 in file leds.s
   Uses
      At line 27 in file leds.s
Comment: __main used once
loop 00000030

Symbol: loop
   Definitions
      At line 52 in file leds.s
   Uses
      At line 65 in file leds.s
Comment: loop used once
wait1 00000034

Symbol: wait1
   Definitions
      At line 55 in file leds.s
   Uses
      At line 57 in file leds.s
Comment: wait1 used once
wait2 0000003C

Symbol: wait2
   Definitions
      At line 61 in file leds.s
   Uses
      At line 63 in file leds.s
Comment: wait2 used once
5 symbols



ARM Macro Assembler    Page 1 Alphabetic symbol ordering
Absolute symbols

DUREE 002FFFFF

Symbol: DUREE
   Definitions
      At line 24 in file leds.s
   Uses
      At line 54 in file leds.s
      At line 60 in file leds.s

GPIO_O_DEN 0000051C

Symbol: GPIO_O_DEN
   Definitions
      At line 18 in file leds.s
   Uses
      At line 41 in file leds.s
Comment: GPIO_O_DEN used once
GPIO_O_DIR 00000400

Symbol: GPIO_O_DIR
   Definitions
      At line 16 in file leds.s
   Uses
      At line 37 in file leds.s
Comment: GPIO_O_DIR used once
GPIO_O_DR2R 00000500

Symbol: GPIO_O_DR2R
   Definitions
      At line 17 in file leds.s
   Uses
      At line 45 in file leds.s
Comment: GPIO_O_DR2R used once
GPIO_PORTF_BASE 40025000

Symbol: GPIO_PORTF_BASE
   Definitions
      At line 15 in file leds.s
   Uses
      At line 37 in file leds.s
      At line 41 in file leds.s
      At line 45 in file leds.s
      At line 51 in file leds.s

GPIO_PORTG_DATA_R 400263FC

Symbol: GPIO_PORTG_DATA_R
   Definitions
      At line 8 in file leds.s
   Uses
      None
Comment: GPIO_PORTG_DATA_R unused
PORT4OFFSET 00000040

Symbol: PORT4OFFSET
   Definitions
      At line 21 in file leds.s
   Uses
      At line 51 in file leds.s



ARM Macro Assembler    Page 2 Alphabetic symbol ordering
Absolute symbols

Comment: PORT4OFFSET used once
PORT4_5 00000030

Symbol: PORT4_5
   Definitions
      At line 20 in file leds.s
   Uses
      At line 38 in file leds.s
      At line 42 in file leds.s
      At line 46 in file leds.s

PORT5OFFSET 00000080

Symbol: PORT5OFFSET
   Definitions
      At line 22 in file leds.s
   Uses
      None
Comment: PORT5OFFSET unused
SYSCTL_PERIPH_GPIOF 400FE108

Symbol: SYSCTL_PERIPH_GPIOF
   Definitions
      At line 14 in file leds.s
   Uses
      At line 29 in file leds.s
Comment: SYSCTL_PERIPH_GPIOF used once
10 symbols
349 symbols in table
